[2021-12-05 23:35:14,493] INFO [django.utils.autoreload.trigger_reload:autoreload] C:\Users\Derya\OneDrive\Masaüstü\Mundus\Opes\settings.py changed, reloading.
[2021-12-05 23:35:17,473] INFO [django.utils.autoreload.run_with_reloader:autoreload] Watching for file changes with StatReloader
[2021-12-05 23:35:20,838] INFO [django.utils.autoreload.trigger_reload:autoreload] C:\Users\Derya\OneDrive\Masaüstü\Mundus\Opes\settings.py changed, reloading.
[2021-12-05 23:35:22,996] INFO [django.utils.autoreload.run_with_reloader:autoreload] Watching for file changes with StatReloader
[2021-12-05 23:35:29,582] INFO [django.utils.autoreload.trigger_reload:autoreload] C:\Users\Derya\OneDrive\Masaüstü\Mundus\Opes\settings.py changed, reloading.
[2021-12-05 23:35:31,714] INFO [django.utils.autoreload.run_with_reloader:autoreload] Watching for file changes with StatReloader
[2021-12-05 23:43:47,503] INFO [django.server.log_message:basehttp] "GET /admin/auth/user/ HTTP/1.1" 200 17634
[2021-12-05 23:43:48,033] INFO [django.server.log_message:basehttp] "GET /admin/jsi18n/ HTTP/1.1" 200 3195
[2021-12-05 23:43:53,920] INFO [django.server.log_message:basehttp] "GET /admin/logout/ HTTP/1.1" 200 1661
[2021-12-05 23:43:56,670] INFO [django.server.log_message:basehttp] "GET /admin/ HTTP/1.1" 302 0
[2021-12-05 23:43:56,825] INFO [django.server.log_message:basehttp] "GET /admin/login/?next=/admin/ HTTP/1.1" 200 2379
[2021-12-05 23:43:59,633] INFO [django.server.log_message:basehttp] "POST /admin/login/?next=/admin/ HTTP/1.1" 302 0
[2021-12-05 23:43:59,816] INFO [django.server.log_message:basehttp] "GET /admin/ HTTP/1.1" 200 13854
[2021-12-05 23:44:09,196] INFO [django.utils.autoreload.trigger_reload:autoreload] C:\Users\Derya\OneDrive\Masaüstü\Mundus\Opes\settings.py changed, reloading.
[2021-12-05 23:44:12,207] INFO [django.utils.autoreload.run_with_reloader:autoreload] Watching for file changes with StatReloader
[2021-12-05 23:44:28,059] INFO [django.server.log_message:basehttp] "GET /login/ HTTP/1.1" 200 8637
[2021-12-05 23:44:37,005] INFO [Populus.views.signin:views] next
[2021-12-05 23:44:37,025] INFO [django.server.log_message:basehttp] "POST /login/ HTTP/1.1" 302 0
[2021-12-05 23:44:37,335] INFO [django.server.log_message:basehttp] "GET / HTTP/1.1" 200 28369
[2021-12-05 23:46:48,223] INFO [django.utils.autoreload.run_with_reloader:autoreload] Watching for file changes with StatReloader
[2021-12-05 23:46:55,630] INFO [django.server.log_message:basehttp] "GET /logout/ HTTP/1.1" 302 0
[2021-12-05 23:46:55,662] INFO [django.server.log_message:basehttp] "GET / HTTP/1.1" 200 10079
[2021-12-05 23:46:57,755] INFO [django.server.log_message:basehttp] "GET /login/ HTTP/1.1" 200 8637
[2021-12-05 23:47:04,040] INFO [Populus.views.signin:views] next
[2021-12-05 23:47:04,057] INFO [django.server.log_message:basehttp] "POST /login/ HTTP/1.1" 302 0
[2021-12-05 23:47:04,346] INFO [django.server.log_message:basehttp] "GET / HTTP/1.1" 200 28855
[2021-12-05 23:47:04,647] INFO [django.server.log_message:basehttp] "GET /media/uploads/was/2021/12/05/OWL17.jpg HTTP/1.1" 200 88363
[2021-12-05 23:47:29,121] WARNING [django.server.log_message:basehttp] "GET /daily/status/32/ HTTP/1.1" 404 8249
[2021-12-05 23:47:42,767] INFO [django.server.log_message:basehttp] "GET / HTTP/1.1" 200 28855
[2021-12-05 23:47:44,972] INFO [django.server.log_message:basehttp] "GET /@larry/ HTTP/1.1" 200 16751
[2021-12-05 23:48:00,390] INFO [django.server.log_message:basehttp] "GET /@larry/daily/ HTTP/1.1" 200 16161
[2021-12-05 23:54:37,787] INFO [django.utils.autoreload.trigger_reload:autoreload] C:\Users\Derya\OneDrive\Masaüstü\Mundus\Opes\settings.py changed, reloading.
[2021-12-05 23:54:40,149] INFO [django.utils.autoreload.run_with_reloader:autoreload] Watching for file changes with StatReloader
[2021-12-05 23:54:42,100] INFO [django.utils.autoreload.trigger_reload:autoreload] C:\Users\Derya\OneDrive\Masaüstü\Mundus\Opes\settings.py changed, reloading.
[2021-12-05 23:54:44,665] INFO [django.utils.autoreload.run_with_reloader:autoreload] Watching for file changes with StatReloader
[2021-12-05 23:54:48,221] INFO [django.utils.autoreload.trigger_reload:autoreload] C:\Users\Derya\OneDrive\Masaüstü\Mundus\Opes\settings.py changed, reloading.
[2021-12-05 23:54:50,709] INFO [django.utils.autoreload.run_with_reloader:autoreload] Watching for file changes with StatReloader
[2021-12-05 23:55:34,273] INFO [django.utils.autoreload.trigger_reload:autoreload] C:\Users\Derya\OneDrive\Masaüstü\Mundus\Opes\settings.py changed, reloading.
[2021-12-05 23:56:01,135] INFO [django.utils.autoreload.run_with_reloader:autoreload] Watching for file changes with StatReloader
[2021-12-05 23:56:19,156] INFO [django.utils.autoreload.trigger_reload:autoreload] C:\Users\Derya\OneDrive\Masaüstü\Mundus\Opes\settings.py changed, reloading.
[2021-12-05 23:56:21,832] INFO [django.utils.autoreload.run_with_reloader:autoreload] Watching for file changes with StatReloader
[2021-12-05 23:56:24,564] INFO [django.utils.autoreload.trigger_reload:autoreload] C:\Users\Derya\OneDrive\Masaüstü\Mundus\Opes\settings.py changed, reloading.
[2021-12-05 23:56:27,163] INFO [django.utils.autoreload.run_with_reloader:autoreload] Watching for file changes with StatReloader
[2021-12-05 23:57:17,760] INFO [django.utils.autoreload.run_with_reloader:autoreload] Watching for file changes with StatReloader
[2021-12-05 23:57:23,421] INFO [django.server.log_message:basehttp] "GET /@larry/daily/ HTTP/1.1" 200 16161
[2021-12-06 00:16:05,410] INFO [django.server.log_message:basehttp] "GET /logout/ HTTP/1.1" 302 0
[2021-12-06 00:16:05,432] INFO [django.server.log_message:basehttp] "GET / HTTP/1.1" 200 10079
[2021-12-06 00:17:18,976] INFO [django.utils.autoreload.trigger_reload:autoreload] C:\Users\Derya\OneDrive\Masaüstü\Mundus\Daily\views.py changed, reloading.
[2021-12-06 00:17:21,303] INFO [django.utils.autoreload.run_with_reloader:autoreload] Watching for file changes with StatReloader
[2021-12-06 00:17:30,597] INFO [django.utils.autoreload.trigger_reload:autoreload] C:\Users\Derya\OneDrive\Masaüstü\Mundus\Daily\views.py changed, reloading.
[2021-12-06 00:17:33,577] INFO [django.utils.autoreload.run_with_reloader:autoreload] Watching for file changes with StatReloader
[2021-12-06 00:18:11,994] INFO [django.utils.autoreload.trigger_reload:autoreload] C:\Users\Derya\OneDrive\Masaüstü\Mundus\Brand\views.py changed, reloading.
[2021-12-06 00:18:13,865] INFO [django.utils.autoreload.run_with_reloader:autoreload] Watching for file changes with StatReloader
[2021-12-06 00:18:16,350] INFO [django.utils.autoreload.trigger_reload:autoreload] C:\Users\Derya\OneDrive\Masaüstü\Mundus\Brand\views.py changed, reloading.
[2021-12-06 00:18:19,109] INFO [django.utils.autoreload.run_with_reloader:autoreload] Watching for file changes with StatReloader
[2021-12-06 00:18:48,862] INFO [django.utils.autoreload.trigger_reload:autoreload] C:\Users\Derya\OneDrive\Masaüstü\Mundus\Participes\views.py changed, reloading.
[2021-12-06 00:18:50,759] INFO [django.utils.autoreload.run_with_reloader:autoreload] Watching for file changes with StatReloader
[2021-12-06 00:18:52,455] INFO [django.utils.autoreload.trigger_reload:autoreload] C:\Users\Derya\OneDrive\Masaüstü\Mundus\Participes\views.py changed, reloading.
[2021-12-06 00:18:55,105] INFO [django.utils.autoreload.run_with_reloader:autoreload] Watching for file changes with StatReloader
[2021-12-06 00:19:08,879] INFO [django.utils.autoreload.trigger_reload:autoreload] C:\Users\Derya\OneDrive\Masaüstü\Mundus\Participes\views.py changed, reloading.
[2021-12-06 00:19:10,651] INFO [django.utils.autoreload.run_with_reloader:autoreload] Watching for file changes with StatReloader
[2021-12-06 00:19:14,931] INFO [django.utils.autoreload.trigger_reload:autoreload] C:\Users\Derya\OneDrive\Masaüstü\Mundus\Participes\views.py changed, reloading.
[2021-12-06 00:19:17,543] INFO [django.utils.autoreload.run_with_reloader:autoreload] Watching for file changes with StatReloader
[2021-12-06 18:39:48,836] INFO [django.utils.autoreload.run_with_reloader:autoreload] Watching for file changes with StatReloader
[2021-12-06 18:40:24,001] INFO [django.utils.autoreload.trigger_reload:autoreload] C:\Users\Derya\OneDrive\Masaüstü\Mundus\Opes\settings.py changed, reloading.
[2021-12-06 18:40:26,382] INFO [django.utils.autoreload.run_with_reloader:autoreload] Watching for file changes with StatReloader
[2021-12-06 18:40:43,696] INFO [django.utils.autoreload.run_with_reloader:autoreload] Watching for file changes with StatReloader
[2021-12-06 18:40:56,257] ERROR [django.security.DisallowedHost.response_for_exception:exception] Invalid HTTP_HOST header: '127.0.0.1:8000'. You may need to add '127.0.0.1' to ALLOWED_HOSTS.
[2021-12-06 18:40:56,455] WARNING [django.server.log_message:basehttp] "GET / HTTP/1.1" 400 97946
[2021-12-06 18:41:52,296] INFO [django.utils.autoreload.trigger_reload:autoreload] C:\Users\Derya\OneDrive\Masaüstü\Mundus\Opes\settings.py changed, reloading.
[2021-12-06 18:42:41,614] INFO [django.utils.autoreload.run_with_reloader:autoreload] Watching for file changes with StatReloader
[2021-12-06 18:42:46,314] INFO [django.server.log_message:basehttp] "GET / HTTP/1.1" 301 0
[2021-12-06 18:42:46,336] INFO [django.server.log_message:basehttp] code 400, message Bad request version ('õG+q\x10DYü\x83\x05SÐ\x9d~A\x8c_\x94i3öý_%qó\x00"\x13\x01\x13\x03\x13\x02À+À/Ì©Ì¨À,À0À')
[2021-12-06 18:42:46,338] ERROR [django.server.log_message:basehttp] You're accessing the development server over HTTPS, but it only supports HTTP.

[2021-12-06 18:45:10,397] INFO [django.utils.autoreload.trigger_reload:autoreload] C:\Users\Derya\OneDrive\Masaüstü\Mundus\Opes\settings.py changed, reloading.
[2021-12-06 18:45:13,552] INFO [django.utils.autoreload.run_with_reloader:autoreload] Watching for file changes with StatReloader
[2021-12-06 18:52:10,448] INFO [django.server.log_message:basehttp] "GET /admin/Topic/category/ HTTP/1.1" 301 0
[2021-12-06 18:52:10,498] INFO [django.server.log_message:basehttp] code 400, message Bad request version ('5\x81\x18<jÖ²]»')
[2021-12-06 18:52:10,499] ERROR [django.server.log_message:basehttp] You're accessing the development server over HTTPS, but it only supports HTTP.

[2021-12-06 18:52:10,508] INFO [django.server.log_message:basehttp] code 400, message Bad request version ('úú\x13\x01\x13\x02\x13\x03À+À/À,À0Ì©Ì¨À\x13À\x14\x00\x9c\x00\x9d\x00/\x005\x01\x00\x01\x93êê\x00\x00\x00\x17\x00\x00ÿ\x01\x00\x01\x00\x00')
[2021-12-06 18:52:10,510] ERROR [django.server.log_message:basehttp] You're accessing the development server over HTTPS, but it only supports HTTP.

[2021-12-06 19:55:31,812] INFO [django.utils.autoreload.run_with_reloader:autoreload] Watching for file changes with StatReloader
[2021-12-07 21:23:45,635] INFO [django.utils.autoreload.run_with_reloader:autoreload] Watching for file changes with StatReloader
[2021-12-07 21:46:48,042] INFO [django.utils.autoreload.run_with_reloader:autoreload] Watching for file changes with StatReloader
[2021-12-07 21:47:00,551] INFO [django.utils.autoreload.trigger_reload:autoreload] C:\Users\Derya\OneDrive\Masaüstü\Mundus\Opes\settings.py changed, reloading.
[2021-12-07 21:47:03,226] INFO [django.utils.autoreload.run_with_reloader:autoreload] Watching for file changes with StatReloader
[2021-12-07 21:47:05,854] INFO [django.utils.autoreload.trigger_reload:autoreload] C:\Users\Derya\OneDrive\Masaüstü\Mundus\Opes\settings.py changed, reloading.
[2021-12-07 21:56:48,097] INFO [django.utils.autoreload.run_with_reloader:autoreload] Watching for file changes with StatReloader
[2021-12-07 21:58:22,860] INFO [django.utils.autoreload.run_with_reloader:autoreload] Watching for file changes with StatReloader
[2021-12-07 21:59:15,669] INFO [django.utils.autoreload.run_with_reloader:autoreload] Watching for file changes with StatReloader
[2021-12-07 22:00:29,075] INFO [django.utils.autoreload.trigger_reload:autoreload] C:\Users\Derya\OneDrive\Masaüstü\Mundus\manage.py changed, reloading.
[2021-12-07 22:00:31,610] INFO [django.utils.autoreload.run_with_reloader:autoreload] Watching for file changes with StatReloader
[2021-12-07 22:01:44,365] INFO [django.utils.autoreload.run_with_reloader:autoreload] Watching for file changes with StatReloader
[2021-12-07 22:06:45,127] INFO [django.utils.autoreload.run_with_reloader:autoreload] Watching for file changes with StatReloader
[2021-12-07 22:12:19,491] INFO [django.utils.autoreload.run_with_reloader:autoreload] Watching for file changes with StatReloader
[2021-12-07 22:33:25,578] INFO [django.utils.autoreload.run_with_reloader:autoreload] Watching for file changes with StatReloader
[2021-12-07 22:33:57,953] INFO [django.utils.autoreload.run_with_reloader:autoreload] Watching for file changes with StatReloader
[2021-12-07 23:13:44,272] INFO [django.utils.autoreload.trigger_reload:autoreload] C:\Users\Derya\OneDrive\Masaüstü\Mundus\Opes\settings.py changed, reloading.
[2021-12-07 23:36:20,063] INFO [django.utils.autoreload.run_with_reloader:autoreload] Watching for file changes with StatReloader
[2021-12-07 23:45:49,508] INFO [django.utils.autoreload.run_with_reloader:autoreload] Watching for file changes with StatReloader
[2021-12-07 23:46:01,001] INFO [django.utils.autoreload.trigger_reload:autoreload] C:\Users\Derya\OneDrive\Masaüstü\Mundus\Opes\wsgi.py changed, reloading.
[2021-12-07 23:46:03,152] INFO [django.utils.autoreload.run_with_reloader:autoreload] Watching for file changes with StatReloader
[2021-12-08 00:09:49,404] INFO [django.utils.autoreload.trigger_reload:autoreload] C:\Users\Derya\OneDrive\Masaüstü\Mundus\Opes\settings.py changed, reloading.
[2021-12-08 00:43:36,847] INFO [django.utils.autoreload.run_with_reloader:autoreload] Watching for file changes with StatReloader
[2021-12-08 00:47:51,196] INFO [django.utils.autoreload.trigger_reload:autoreload] C:\Users\Derya\OneDrive\Masaüstü\Mundus\Opes\settings.py changed, reloading.
[2021-12-08 00:47:53,993] INFO [django.utils.autoreload.run_with_reloader:autoreload] Watching for file changes with StatReloader
[2021-12-08 00:47:56,275] INFO [django.utils.autoreload.trigger_reload:autoreload] C:\Users\Derya\OneDrive\Masaüstü\Mundus\Opes\settings.py changed, reloading.
[2021-12-08 00:47:58,450] INFO [django.utils.autoreload.run_with_reloader:autoreload] Watching for file changes with StatReloader
[2021-12-08 04:30:20,325] INFO [django.utils.autoreload.run_with_reloader:autoreload] Watching for file changes with StatReloader
[2021-12-08 04:30:52,866] INFO [django.utils.autoreload.trigger_reload:autoreload] C:\Users\Derya\OneDrive\Masaüstü\Mundus\Opes\settings.py changed, reloading.
[2021-12-08 04:30:56,090] INFO [django.utils.autoreload.run_with_reloader:autoreload] Watching for file changes with StatReloader
[2021-12-08 04:30:58,301] INFO [django.utils.autoreload.trigger_reload:autoreload] C:\Users\Derya\OneDrive\Masaüstü\Mundus\Opes\settings.py changed, reloading.
[2021-12-08 04:31:01,569] INFO [django.utils.autoreload.run_with_reloader:autoreload] Watching for file changes with StatReloader
[2021-12-08 04:31:09,879] INFO [django.utils.autoreload.trigger_reload:autoreload] C:\Users\Derya\OneDrive\Masaüstü\Mundus\Opes\settings.py changed, reloading.
[2021-12-08 04:31:13,579] INFO [django.utils.autoreload.run_with_reloader:autoreload] Watching for file changes with StatReloader
[2021-12-09 14:29:40,565] INFO [django.utils.autoreload.run_with_reloader:autoreload] Watching for file changes with StatReloader
[2021-12-09 14:33:15,771] INFO [django.utils.autoreload.run_with_reloader:autoreload] Watching for file changes with StatReloader
[2021-12-09 14:35:05,184] INFO [django.utils.autoreload.trigger_reload:autoreload] C:\Users\Derya\OneDrive\Masaüstü\Mundus\Opes\settings.py changed, reloading.
[2021-12-09 14:35:07,440] INFO [django.utils.autoreload.run_with_reloader:autoreload] Watching for file changes with StatReloader
[2021-12-09 14:35:14,539] INFO [django.utils.autoreload.run_with_reloader:autoreload] Watching for file changes with StatReloader
